# JRE version: Java(TM) SE Runtime Environment (21.0.5+9) (build 21.0.5+9-LTS-239)
# Java VM: Java HotSpot(TM) 64-Bit Server VM (21.0.5+9-LTS-239, mixed mode, sharing, tiered, compressed oops, compressed class ptrs, g1 gc, windows-amd64)
GC Precious Log:
 CardTable entry size: 512
 Card Set container configuration: InlinePtr #cards 4 size 8 Array Of Cards #cards 16 size 48 Howl #buckets 8 coarsen threshold 3686 Howl Bitmap #cards 512 size 80 coarsen threshold 460 Card regions per heap region 1 cards per card region 4096
 CPUs: 12 total, 12 available
 Memory: 16175M
 Large Page Support: Disabled
 NUMA Support: Disabled
 Compressed Oops: Enabled (Zero based)
 Heap Region Size: 2M
 Heap Min Capacity: 8M
 Heap Initial Capacity: 254M
 Heap Max Capacity: 4044M
 Pre-touch: Disabled
 Parallel Workers: 10
 Concurrent Workers: 3
 Concurrent Refinement Workers: 10
 Periodic GC: Disabled
Heap:
 garbage-first heap   total 272384K, used 120949K [0x0000000703400000, 0x0000000800000000)
  region size 2048K, 2 young (4096K), 2 survivors (4096K)
 Metaspace       used 81836K, committed 82560K, reserved 1179648K
  class space    used 11255K, committed 11584K, reserved 1048576K
GC Heap History (20 events):
Event: 8.664 GC heap after
{Heap after GC invocations=19 (full 0):
 garbage-first heap   total 94208K, used 49346K [0x0000000703400000, 0x0000000800000000)
  region size 2048K, 3 young (6144K), 3 survivors (6144K)
 Metaspace       used 80194K, committed 80896K, reserved 1179648K
  class space    used 10986K, committed 11264K, reserved 1048576K
}
Event: 8.844 GC heap before
{Heap before GC invocations=20 (full 0):
 garbage-first heap   total 96256K, used 78018K [0x0000000703400000, 0x0000000800000000)
  region size 2048K, 18 young (36864K), 3 survivors (6144K)
 Metaspace       used 81251K, committed 81984K, reserved 1179648K
  class space    used 11192K, committed 11520K, reserved 1048576K
}
Event: 8.846 GC heap after
{Heap after GC invocations=21 (full 0):
 garbage-first heap   total 96256K, used 49529K [0x0000000703400000, 0x0000000800000000)
  region size 2048K, 2 young (4096K), 2 survivors (4096K)
 Metaspace       used 81251K, committed 81984K, reserved 1179648K
  class space    used 11192K, committed 11520K, reserved 1048576K
}
Event: 8.945 GC heap before
{Heap before GC invocations=21 (full 0):
 garbage-first heap   total 96256K, used 84345K [0x0000000703400000, 0x0000000800000000)
  region size 2048K, 19 young (38912K), 2 survivors (4096K)
 Metaspace       used 81717K, committed 82496K, reserved 1179648K
  class space    used 11233K, committed 11584K, reserved 1048576K
}
Event: 8.953 GC heap after
{Heap after GC invocations=22 (full 0):
 garbage-first heap   total 102400K, used 60836K [0x0000000703400000, 0x0000000800000000)
  region size 2048K, 3 young (6144K), 3 survivors (6144K)
 Metaspace       used 81717K, committed 82496K, reserved 1179648K
  class space    used 11233K, committed 11584K, reserved 1048576K
}
Event: 8.988 GC heap before
{Heap before GC invocations=22 (full 0):
 garbage-first heap   total 102400K, used 83364K [0x0000000703400000, 0x0000000800000000)
  region size 2048K, 15 young (30720K), 3 survivors (6144K)
 Metaspace       used 81718K, committed 82496K, reserved 1179648K
  class space    used 11233K, committed 11584K, reserved 1048576K
}
Event: 8.995 GC heap after
{Heap after GC invocations=23 (full 0):
 garbage-first heap   total 102400K, used 70937K [0x0000000703400000, 0x0000000800000000)
  region size 2048K, 2 young (4096K), 2 survivors (4096K)
 Metaspace       used 81718K, committed 82496K, reserved 1179648K
  class space    used 11233K, committed 11584K, reserved 1048576K
}
Event: 9.021 GC heap before
{Heap before GC invocations=23 (full 0):
 garbage-first heap   total 102400K, used 87321K [0x0000000703400000, 0x0000000800000000)
  region size 2048K, 10 young (20480K), 2 survivors (4096K)
 Metaspace       used 81721K, committed 82496K, reserved 1179648K
  class space    used 11233K, committed 11584K, reserved 1048576K
}
Event: 9.024 GC heap after
{Heap after GC invocations=24 (full 0):
 garbage-first heap   total 178176K, used 73688K [0x0000000703400000, 0x0000000800000000)
  region size 2048K, 1 young (2048K), 1 survivors (2048K)
 Metaspace       used 81721K, committed 82496K, reserved 1179648K
  class space    used 11233K, committed 11584K, reserved 1048576K
}
Event: 9.112 GC heap before
{Heap before GC invocations=25 (full 0):
 garbage-first heap   total 178176K, used 137176K [0x0000000703400000, 0x0000000800000000)
  region size 2048K, 32 young (65536K), 1 survivors (2048K)
 Metaspace       used 81726K, committed 82496K, reserved 1179648K
  class space    used 11233K, committed 11584K, reserved 1048576K
}
Event: 9.113 GC heap after
{Heap after GC invocations=26 (full 0):
 garbage-first heap   total 178176K, used 74560K [0x0000000703400000, 0x0000000800000000)
  region size 2048K, 2 young (4096K), 2 survivors (4096K)
 Metaspace       used 81726K, committed 82496K, reserved 1179648K
  class space    used 11233K, committed 11584K, reserved 1048576K
}
Event: 9.182 GC heap before
{Heap before GC invocations=26 (full 0):
 garbage-first heap   total 178176K, used 146240K [0x0000000703400000, 0x0000000800000000)
  region size 2048K, 37 young (75776K), 2 survivors (4096K)
 Metaspace       used 81726K, committed 82496K, reserved 1179648K
  class space    used 11233K, committed 11584K, reserved 1048576K
}
Event: 9.196 GC heap after
{Heap after GC invocations=27 (full 0):
 garbage-first heap   total 182272K, used 104401K [0x0000000703400000, 0x0000000800000000)
  region size 2048K, 5 young (10240K), 5 survivors (10240K)
 Metaspace       used 81726K, committed 82496K, reserved 1179648K
  class space    used 11233K, committed 11584K, reserved 1048576K
}
Event: 9.207 GC heap before
{Heap before GC invocations=27 (full 0):
 garbage-first heap   total 182272K, used 112593K [0x0000000703400000, 0x0000000800000000)
  region size 2048K, 10 young (20480K), 5 survivors (10240K)
 Metaspace       used 81726K, committed 82496K, reserved 1179648K
  class space    used 11233K, committed 11584K, reserved 1048576K
}
Event: 9.213 GC heap after
{Heap after GC invocations=28 (full 0):
 garbage-first heap   total 182272K, used 110154K [0x0000000703400000, 0x0000000800000000)
  region size 2048K, 2 young (4096K), 2 survivors (4096K)
 Metaspace       used 81726K, committed 82496K, reserved 1179648K
  class space    used 11233K, committed 11584K, reserved 1048576K
}
Event: 9.272 GC heap before
{Heap before GC invocations=29 (full 0):
 garbage-first heap   total 219136K, used 142922K [0x0000000703400000, 0x0000000800000000)
  region size 2048K, 20 young (40960K), 2 survivors (4096K)
 Metaspace       used 81727K, committed 82496K, reserved 1179648K
  class space    used 11233K, committed 11584K, reserved 1048576K
}
Event: 9.282 GC heap after
{Heap after GC invocations=30 (full 0):
 garbage-first heap   total 219136K, used 120832K [0x0000000703400000, 0x0000000800000000)
  region size 2048K, 3 young (6144K), 3 survivors (6144K)
 Metaspace       used 81727K, committed 82496K, reserved 1179648K
  class space    used 11233K, committed 11584K, reserved 1048576K
}
Event: 9.364 GC heap before
{Heap before GC invocations=30 (full 0):
 garbage-first heap   total 219136K, used 169984K [0x0000000703400000, 0x0000000800000000)
  region size 2048K, 27 young (55296K), 3 survivors (6144K)
 Metaspace       used 81734K, committed 82496K, reserved 1179648K
  class space    used 11233K, committed 11584K, reserved 1048576K
}
Event: 9.370 GC heap after
{Heap after GC invocations=31 (full 0):
 garbage-first heap   total 219136K, used 120177K [0x0000000703400000, 0x0000000800000000)
  region size 2048K, 4 young (8192K), 4 survivors (8192K)
 Metaspace       used 81734K, committed 82496K, reserved 1179648K
  class space    used 11233K, committed 11584K, reserved 1048576K
}
Event: 9.460 GC heap before
{Heap before GC invocations=31 (full 0):
 garbage-first heap   total 219136K, used 173425K [0x0000000703400000, 0x0000000800000000)
  region size 2048K, 30 young (61440K), 4 survivors (8192K)
 Metaspace       used 81836K, committed 82560K, reserved 1179648K
  class space    used 11255K, committed 11584K, reserved 1048576K
}

